0 info it worked if it ends with ok
1 verbose cli [ 'C:\\nvm\\nodejs\\node.exe',
1 verbose cli   'C:\\nvm\\nodejs\\node_modules\\npm\\bin\\npm-cli.js',
1 verbose cli   'run',
1 verbose cli   'server' ]
2 info using npm@3.6.0
3 info using node@v5.7.0
4 verbose run-script [ 'preserver', 'server', 'postserver' ]
5 info lifecycle xd-offer-server@1.0.0~preserver: xd-offer-server@1.0.0
6 silly lifecycle xd-offer-server@1.0.0~preserver: no script for preserver, continuing
7 info lifecycle xd-offer-server@1.0.0~server: xd-offer-server@1.0.0
8 verbose lifecycle xd-offer-server@1.0.0~server: unsafe-perm in lifecycle true
9 verbose lifecycle xd-offer-server@1.0.0~server: PATH: C:\nvm\v5.7.0\node_modules\npm\bin\node-gyp-bin;F:\xd-offer-server\node_modules\.bin;C:\Users\Administrator\bin;D:\Git\mingw64\bin;D:\Git\usr\local\bin;D:\Git\usr\bin;D:\Git\usr\bin;D:\Git\mingw64\bin;D:\Git\usr\bin;C:\Users\Administrator\bin;C:\Program Files (x86)\Intel\iCLS Client;C:\Program Files\Intel\iCLS Client;C:\WINDOWS\system32;C:\WINDOWS;C:\WINDOWS\System32\Wbem;C:\WINDOWS\System32\WindowsPowerShell\v1.0;C:\Program Files (x86)\ATI Technologies\ATI.ACE\Core-Static;C:\Program Files\Intel\Intel(R) Management Engine Components\DAL;C:\Program Files\Intel\Intel(R) Management Engine Components\IPT;C:\Program Files (x86)\Intel\Intel(R) Management Engine Components\DAL;C:\Program Files (x86)\Intel\Intel(R) Management Engine Components\IPT;D:\驱动精灵\ATI.ACE\Core-Static;D:\;ySql\mysql-5.1.73-winx64\bin;D:\mysql-5.6.24-win32\bin;‪C;D:\Git\Windows\Microsoft.NET\Framework\v4.0.30319;C:\Program Files (x86)\Microsoft SQL Server\100\Tools\Binn;C:\Program Files\Microsoft SQL Server\100\Tools\Binn;C:\Program Files\Microsoft SQL Server\100\DTS\Binn;D:\Git\cmd;D:\mongoDB\mongodb-win32-x86_64-enterprise-windows-64-3.4.2\bin;E:\CodeBlocks\MinGW\bin;G:\gcc;C:\nvm;C:\nvm\nodejs;D:\Microsoft VS Code\bin;C:\Program Files (x86)\Microsoft VS Code\bin;C:\nvm\npm;D:\git\bin;C:\Users\Administrator\AppData\Local\Microsoft\WindowsApps;D:\Git\usr\bin\vendor_perl;D:\Git\usr\bin\core_perl
10 verbose lifecycle xd-offer-server@1.0.0~server: CWD: F:\xd-offer-server
11 silly lifecycle xd-offer-server@1.0.0~server: Args: [ '/d /s /c', 'nodemon index.js' ]
12 silly lifecycle xd-offer-server@1.0.0~server: Returned: code: 1073807364  signal: null
13 info lifecycle xd-offer-server@1.0.0~server: Failed to exec server script
14 verbose stack Error: xd-offer-server@1.0.0 server: `nodemon index.js`
14 verbose stack Exit status 1073807364
14 verbose stack     at EventEmitter.<anonymous> (C:\nvm\v5.7.0\node_modules\npm\lib\utils\lifecycle.js:232:16)
14 verbose stack     at emitTwo (events.js:100:13)
14 verbose stack     at EventEmitter.emit (events.js:185:7)
14 verbose stack     at ChildProcess.<anonymous> (C:\nvm\v5.7.0\node_modules\npm\lib\utils\spawn.js:24:14)
14 verbose stack     at emitTwo (events.js:100:13)
14 verbose stack     at ChildProcess.emit (events.js:185:7)
14 verbose stack     at maybeClose (internal/child_process.js:827:16)
14 verbose stack     at Process.ChildProcess._handle.onexit (internal/child_process.js:211:5)
15 verbose pkgid xd-offer-server@1.0.0
16 verbose cwd F:\xd-offer-server
17 error Windows_NT 10.0.14393
18 error argv "C:\\nvm\\nodejs\\node.exe" "C:\\nvm\\nodejs\\node_modules\\npm\\bin\\npm-cli.js" "run" "server"
19 error node v5.7.0
20 error npm  v3.6.0
21 error code ELIFECYCLE
22 error xd-offer-server@1.0.0 server: `nodemon index.js`
22 error Exit status 1073807364
23 error Failed at the xd-offer-server@1.0.0 server script 'nodemon index.js'.
23 error Make sure you have the latest version of node.js and npm installed.
23 error If you do, this is most likely a problem with the xd-offer-server package,
23 error not with npm itself.
23 error Tell the author that this fails on your system:
23 error     nodemon index.js
23 error You can get information on how to open an issue for this project with:
23 error     npm bugs xd-offer-server
23 error Or if that isn't available, you can get their info via:
23 error     npm owner ls xd-offer-server
23 error There is likely additional logging output above.
24 verbose exit [ 1, true ]
